Timestamp: Fri 09 Feb 2024 05:40:25 PM UTC
Fri Feb  9 17:40:25 2024       
+-----------------------------------------------------------------------------+
| NVIDIA-SMI 515.86.01    Driver Version: 515.86.01    CUDA Version: 11.7     |
|-------------------------------+----------------------+----------------------+
| GPU  Name        Persistence-M| Bus-Id        Disp.A | Volatile Uncorr. ECC |
| Fan  Temp  Perf  Pwr:Usage/Cap|         Memory-Usage | GPU-Util  Compute M. |
|                               |                      |               MIG M. |
|===============================+======================+======================|
|   0  NVIDIA A100-SXM...  On   | 00000000:07:00.0 Off |                    0 |
| N/A   31C    P0    92W / 400W |  23087MiB / 81920MiB |     19%      Default |
|                               |                      |             Disabled |
+-------------------------------+----------------------+----------------------+
|   1  NVIDIA A100-SXM...  On   | 00000000:0B:00.0 Off |                    0 |
| N/A   29C    P0    67W / 400W |  37351MiB / 81920MiB |      0%      Default |
|                               |                      |             Disabled |
+-------------------------------+----------------------+----------------------+
|   2  NVIDIA A100-SXM...  On   | 00000000:49:00.0 Off |                    0 |
| N/A   28C    P0    80W / 400W |  55941MiB / 81920MiB |      0%      Default |
|                               |                      |             Disabled |
+-------------------------------+----------------------+----------------------+
|   3  NVIDIA A100-SXM...  On   | 00000000:4D:00.0 Off |                    0 |
| N/A   29C    P0    62W / 400W |      2MiB / 81920MiB |      0%      Default |
|                               |                      |             Disabled |
+-------------------------------+----------------------+----------------------+
|   4  NVIDIA A100-SXM...  On   | 00000000:88:00.0 Off |                    0 |
| N/A   60C    P0   387W / 400W |  75913MiB / 81920MiB |     99%      Default |
|                               |                      |             Disabled |
+-------------------------------+----------------------+----------------------+
|   5  NVIDIA A100-SXM...  On   | 00000000:8B:00.0 Off |                    0 |
| N/A   69C    P0   298W / 400W |  63209MiB / 81920MiB |    100%      Default |
|                               |                      |             Disabled |
+-------------------------------+----------------------+----------------------+
|   6  NVIDIA A100-SXM...  On   | 00000000:C8:00.0 Off |                    0 |
| N/A   30C    P0    71W / 400W |  43384MiB / 81920MiB |      0%      Default |
|                               |                      |             Disabled |
+-------------------------------+----------------------+----------------------+
|   7  NVIDIA A100-SXM...  On   | 00000000:CB:00.0 Off |                    0 |
| N/A   30C    P0    72W / 400W |  58823MiB / 81920MiB |      0%      Default |
|                               |                      |             Disabled |
+-------------------------------+----------------------+----------------------+
                                                                               
+-----------------------------------------------------------------------------+
| Processes:                                                                  |
|  GPU   GI   CI        PID   Type   Process name                  GPU Memory |
|        ID   ID                                                   Usage      |
|=============================================================================|
|    0   N/A  N/A    319830      C   ...da/envs/moe/bin/python3.8      909MiB |
|    0   N/A  N/A    319831      C   ...da/envs/moe/bin/python3.8      909MiB |
|    0   N/A  N/A   2819367      C   ...nconsistencies/bin/python      843MiB |
|    0   N/A  N/A   3575814      C   /usr/bin/python3                20288MiB |
|    1   N/A  N/A   2505114      C   python                          37347MiB |
|    2   N/A  N/A   2936409      C   python                          55939MiB |
|    4   N/A  N/A   1773380      C   python                          68919MiB |
|    4   N/A  N/A   1988800      C   ...da/envs/sophia/bin/python     6397MiB |
|    4   N/A  N/A   3927383      C   python                            595MiB |
|    5   N/A  N/A   2068360      C   python                          63207MiB |
|    6   N/A  N/A   3326970      C   python                          37347MiB |
|    7   N/A  N/A   2934557      C   python                          58821MiB |
+-----------------------------------------------------------------------------+
