Timestamp: Wed 21 Feb 2024 08:36:39 AM UTC
Wed Feb 21 08:36:40 2024       
+-----------------------------------------------------------------------------+
| NVIDIA-SMI 515.86.01    Driver Version: 515.86.01    CUDA Version: 11.7     |
|-------------------------------+----------------------+----------------------+
| GPU  Name        Persistence-M| Bus-Id        Disp.A | Volatile Uncorr. ECC |
| Fan  Temp  Perf  Pwr:Usage/Cap|         Memory-Usage | GPU-Util  Compute M. |
|                               |                      |               MIG M. |
|===============================+======================+======================|
|   0  NVIDIA A100-SXM...  On   | 00000000:07:00.0 Off |                    0 |
| N/A   70C    P0   405W / 400W |  63156MiB / 81920MiB |    100%      Default |
|                               |                      |             Disabled |
+-------------------------------+----------------------+----------------------+
|   1  NVIDIA A100-SXM...  On   | 00000000:0B:00.0 Off |                    0 |
| N/A   77C    P0   380W / 400W |  71219MiB / 81920MiB |    100%      Default |
|                               |                      |             Disabled |
+-------------------------------+----------------------+----------------------+
|   2  NVIDIA A100-SXM...  On   | 00000000:49:00.0 Off |                    0 |
| N/A   63C    P0   407W / 400W |  63209MiB / 81920MiB |    100%      Default |
|                               |                      |             Disabled |
+-------------------------------+----------------------+----------------------+
|   3  NVIDIA A100-SXM...  On   | 00000000:4D:00.0 Off |                    0 |
| N/A   39C    P0    65W / 400W |     36MiB / 81920MiB |      0%      Default |
|                               |                      |             Disabled |
+-------------------------------+----------------------+----------------------+
|   4  NVIDIA A100-SXM...  On   | 00000000:88:00.0 Off |                    0 |
| N/A   32C    P0    69W / 400W |   6399MiB / 81920MiB |      0%      Default |
|                               |                      |             Disabled |
+-------------------------------+----------------------+----------------------+
|   5  NVIDIA A100-SXM...  On   | 00000000:8B:00.0 Off |                    0 |
| N/A   35C    P0    72W / 400W |   1579MiB / 81920MiB |      2%      Default |
|                               |                      |             Disabled |
+-------------------------------+----------------------+----------------------+
|   6  NVIDIA A100-SXM...  On   | 00000000:C8:00.0 Off |                    0 |
| N/A   64C    P0   381W / 400W |  77254MiB / 81920MiB |    100%      Default |
|                               |                      |             Disabled |
+-------------------------------+----------------------+----------------------+
|   7  NVIDIA A100-SXM...  On   | 00000000:CB:00.0 Off |                    0 |
| N/A   40C    P0    68W / 400W |      4MiB / 81920MiB |      0%      Default |
|                               |                      |             Disabled |
+-------------------------------+----------------------+----------------------+
                                                                               
+-----------------------------------------------------------------------------+
| Processes:                                                                  |
|  GPU   GI   CI        PID   Type   Process name                  GPU Memory |
|        ID   ID                                                   Usage      |
|=============================================================================|
|    0   N/A  N/A    319830      C   ...da/envs/moe/bin/python3.8      909MiB |
|    0   N/A  N/A    319831      C   ...da/envs/moe/bin/python3.8      909MiB |
|    0   N/A  N/A    708313      C   python                          60847MiB |
|    0   N/A  N/A   1074227      C   ...conda/envs/moe/bin/python      489MiB |
|    1   N/A  N/A   1345807      C   .../envs/sph_adam/bin/python    71217MiB |
|    2   N/A  N/A   1137980      C   python                          63207MiB |
|    4   N/A  N/A   1988800      C   ...da/envs/sophia/bin/python     6397MiB |
|    5   N/A  N/A   1469426      C   python                           1753MiB |
|    6   N/A  N/A   1405474      C   .../envs/sph_adam/bin/python    71217MiB |
+-----------------------------------------------------------------------------+
